C51 COMPILER V9.60.0.0   MAIN                                                              11/13/2022 11:55:15 PAGE 1   


C51 COMPILER V9.60.0.0, COMPILATION OF MODULE MAIN
OBJECT MODULE PLACED IN .\Obj\main.obj
COMPILER INVOKED BY: C:\Keil_v5\C51\BIN\C51.EXE User\main.c OPTIMIZE(8,SPEED) BROWSE INCDIR(.\Public;.\App\smg;.\App\xpt
                    -2046) DEBUG OBJECTEXTEND PRINT(.\Obj\main.lst) TABS(2) OBJECT(.\Obj\main.obj)

line level    source

   1          # include "public.h"
   2          
   3          void main(){
   4   1      
   5   1          u16 adc_value = 0;
   6   1          float adc_vol = 0;
   7   1      
   8   1          T0_init();
   9   1      
  10   1          while(1){
  11   2              adc_value = xpt2046_read_adc_value(0x94);
  12   2      
  13   2              adc_vol = 5.0 * adc_value / 4096;
  14   2              adc_value = adc_vol * 10;
  15   2              smg_ShowNum(adc_value);
  16   2          }
  17   1      }


MODULE INFORMATION:   STATIC OVERLAYABLE
   CODE SIZE        =     91    ----
   CONSTANT SIZE    =   ----    ----
   XDATA SIZE       =   ----    ----
   PDATA SIZE       =   ----    ----
   DATA SIZE        =   ----       6
   IDATA SIZE       =   ----    ----
   BIT SIZE         =   ----    ----
END OF MODULE INFORMATION.


C51 COMPILATION COMPLETE.  0 WARNING(S),  0 ERROR(S)
