C51 COMPILER V9.60.0.0   PUBLIC                                                            11/13/2022 11:55:15 PAGE 1   


C51 COMPILER V9.60.0.0, COMPILATION OF MODULE PUBLIC
OBJECT MODULE PLACED IN .\Obj\public.obj
COMPILER INVOKED BY: C:\Keil_v5\C51\BIN\C51.EXE Public\public.c OPTIMIZE(8,SPEED) BROWSE INCDIR(.\Public;.\App\smg;.\App
                    -\xpt2046) DEBUG OBJECTEXTEND PRINT(.\Obj\public.lst) TABS(2) OBJECT(.\Obj\public.obj)

line level    source

   1          # include "public.h"
   2          
   3          //定时器T0 中断初始化
   4          void T0_init(){
   5   1          //总中断开启
   6   1          EA = 1;
   7   1      
   8   1          //定时器T0 工作模式M1
   9   1          TMOD = 0x01;
  10   1      
  11   1          //1ms 溢出
  12   1          TH0 = 0xfc;
  13   1          TL0 = 0x66;
  14   1      
  15   1          //定时器T0 中断开启
  16   1          ET0 = 1;
  17   1      
  18   1          //定时器T0 开启
  19   1          TR0 = 1;
  20   1      }
  21          
  22          //中断函数
  23          void InterruptTime0() interrupt 1{
  24   1      
  25   1          TH0 = 0xfc;
  26   1          TL0 = 0x66;
  27   1      
  28   1          smg_ShowLed();
  29   1      }


MODULE INFORMATION:   STATIC OVERLAYABLE
   CODE SIZE        =     81    ----
   CONSTANT SIZE    =   ----    ----
   XDATA SIZE       =   ----    ----
   PDATA SIZE       =   ----    ----
   DATA SIZE        =   ----    ----
   IDATA SIZE       =   ----    ----
   BIT SIZE         =   ----    ----
END OF MODULE INFORMATION.


C51 COMPILATION COMPLETE.  0 WARNING(S),  0 ERROR(S)
