C51 COMPILER V9.60.0.0   SMG                                                               11/13/2022 11:55:15 PAGE 1   


C51 COMPILER V9.60.0.0, COMPILATION OF MODULE SMG
OBJECT MODULE PLACED IN .\Obj\smg.obj
COMPILER INVOKED BY: C:\Keil_v5\C51\BIN\C51.EXE App\smg\smg.c OPTIMIZE(8,SPEED) BROWSE INCDIR(.\Public;.\App\smg;.\App\x
                    -pt2046) DEBUG OBJECTEXTEND PRINT(.\Obj\smg.lst) TABS(2) OBJECT(.\Obj\smg.obj)

line level    source

   1          # include "smg.h"
   2          
   3          //共阴数码管 数字0~9
   4          u8 code LedChar[] = { 0x3f,0x06,0x5b,0x4f,0x66,0x6d,0x7d,0x07,0x7f,0x6f };  //数字0~9
   5          
   6          //数码管缓冲区
   7          u8 LedBuff[] = {0x00,0x00,0x00,0x00,0x00,0x00,0x00,0x00};
   8          
   9          //显示数码管
  10          void smg_ShowLed(){
  11   1          static u8 i = 0;
  12   1      
  13   1          P0 = 0x00;
  14   1          switch(i){
  15   2              case 0: ADDR0 = 0; ADDR1 = 0; ADDR2 = 0; i++; P0 = LedBuff[0]; break;
  16   2              case 1: ADDR0 = 1; ADDR1 = 0; ADDR2 = 0; i++; P0 = LedBuff[1]; break;
  17   2              case 2: ADDR0 = 0; ADDR1 = 1; ADDR2 = 0; i++; P0 = LedBuff[2]; break;
  18   2              case 3: ADDR0 = 1; ADDR1 = 1; ADDR2 = 0; i++; P0 = LedBuff[3]; break;
  19   2              case 4: ADDR0 = 0; ADDR1 = 0; ADDR2 = 1; i++; P0 = LedBuff[4]; break;
  20   2              case 5: ADDR0 = 1; ADDR1 = 0; ADDR2 = 1; i++; P0 = LedBuff[5]; break;
  21   2              case 6: ADDR0 = 0; ADDR1 = 1; ADDR2 = 1; i++; P0 = LedBuff[6]; break;
  22   2              case 7: ADDR0 = 1; ADDR1 = 1; ADDR2 = 1; i=0; P0 = LedBuff[7]; break;
  23   2          }
  24   1      }
  25          
  26          //显示有效位
  27          void smg_ShowNum(u16 num){
  28   1      
  29   1          signed char i;
  30   1          u8 arr[8];
  31   1      
  32   1          for (i = 1; i < 8; i++){
  33   2              arr[i] = num % 10;
  34   2              num /= 10;
  35   2          }
  36   1          for (i = 7; i >= 2; i--){
  37   2              if (arr[i] == 0) LedBuff[i] = 0x00;
  38   2              else break;
  39   2          }
  40   1          for (; i >= 1; i--){
  41   2              LedBuff[i] = LedChar[arr[i]];
  42   2          }
  43   1          LedBuff[0] = 0x3e;
  44   1          LedBuff[2] |= 0x80;
  45   1      }


MODULE INFORMATION:   STATIC OVERLAYABLE
   CODE SIZE        =    277    ----
   CONSTANT SIZE    =     10    ----
   XDATA SIZE       =   ----    ----
   PDATA SIZE       =   ----    ----
   DATA SIZE        =      9      10
   IDATA SIZE       =   ----    ----
C51 COMPILER V9.60.0.0   SMG                                                               11/13/2022 11:55:15 PAGE 2   

   BIT SIZE         =   ----    ----
END OF MODULE INFORMATION.


C51 COMPILATION COMPLETE.  0 WARNING(S),  0 ERROR(S)
