C51 COMPILER V9.60.0.0   KEY                                                               11/12/2022 10:24:35 PAGE 1   


C51 COMPILER V9.60.0.0, COMPILATION OF MODULE KEY
OBJECT MODULE PLACED IN .\Obj\key.obj
COMPILER INVOKED BY: C:\Keil_v5\C51\BIN\C51.EXE App\key\key.c OPTIMIZE(8,SPEED) BROWSE INCDIR(.\App\sg90;.\App\key;.\Pub
                    -lic) DEBUG OBJECTEXTEND PRINT(.\Obj\key.lst) TABS(2) OBJECT(.\Obj\key.obj)

line level    source

   1          # include "key.h"
   2          
   3          u8 sta[3] = {1,1,1};
   4          u8 bac[3] = {1,1,1};
   5          
   6          //判断函数是否按下
   7          void key_Judgement(){
   8   1          u8 buf[3] = {1,1,1};
   9   1          u8 i = 0;
  10   1      
  11   1          buf[0] = KEY1;
  12   1          buf[1] = KEY2;
  13   1          buf[2] = KEY3;
  14   1      
  15   1          for (i = 0; i < 3; i++){
  16   2              if (buf[i] == 0){
  17   3                  sta[i] = 0;
  18   3              }
  19   2              else if (buf[i] == 1){
  20   3                  sta[i] = 1;
  21   3              }
  22   2          }
  23   1      }
  24          
  25          //按键功能
  26          void key_fun(u8 key){
  27   1          if (key == 1){
  28   2              time = 5;
  29   2          }
  30   1          else if (key == 2){
  31   2              time = 15;
  32   2          }
  33   1          else if (key == 3){
  34   2              time = 25;
  35   2          }
  36   1      }


MODULE INFORMATION:   STATIC OVERLAYABLE
   CODE SIZE        =    114    ----
   CONSTANT SIZE    =      3    ----
   XDATA SIZE       =   ----    ----
   PDATA SIZE       =   ----    ----
   DATA SIZE        =      6       3
   IDATA SIZE       =   ----    ----
   BIT SIZE         =   ----    ----
END OF MODULE INFORMATION.


C51 COMPILATION COMPLETE.  0 WARNING(S),  0 ERROR(S)
