C51 COMPILER V9.60.0.0   MAIN                                                              11/12/2022 10:24:35 PAGE 1   


C51 COMPILER V9.60.0.0, COMPILATION OF MODULE MAIN
OBJECT MODULE PLACED IN .\Obj\main.obj
COMPILER INVOKED BY: C:\Keil_v5\C51\BIN\C51.EXE User\main.c OPTIMIZE(8,SPEED) BROWSE INCDIR(.\App\sg90;.\App\key;.\Publi
                    -c) DEBUG OBJECTEXTEND PRINT(.\Obj\main.lst) TABS(2) OBJECT(.\Obj\main.obj)

line level    source

   1          # include "public.h"
   2          
   3          void main(){
   4   1      
   5   1          u8 i = 0;
   6   1      
   7   1          T0_init();
   8   1      
   9   1          while(1){
  10   2      
  11   2              key_Judgement();
  12   2      
  13   2              for (i = 0; i < 3; i++){
  14   3                  if (sta[i] != bac[i]){
  15   4                      if (bac[i] != 0){
  16   5                          key_fun(i+1);
  17   5                      }
  18   4                  }
  19   3                  bac[i] = sta[i];
  20   3              }
  21   2          }
  22   1      }


MODULE INFORMATION:   STATIC OVERLAYABLE
   CODE SIZE        =     67    ----
   CONSTANT SIZE    =   ----    ----
   XDATA SIZE       =   ----    ----
   PDATA SIZE       =   ----    ----
   DATA SIZE        =   ----       1
   IDATA SIZE       =   ----    ----
   BIT SIZE         =   ----    ----
END OF MODULE INFORMATION.


C51 COMPILATION COMPLETE.  0 WARNING(S),  0 ERROR(S)
