C51 COMPILER V9.60.0.0   SG90                                                              11/12/2022 10:24:35 PAGE 1   


C51 COMPILER V9.60.0.0, COMPILATION OF MODULE SG90
OBJECT MODULE PLACED IN .\Obj\sg90.obj
COMPILER INVOKED BY: C:\Keil_v5\C51\BIN\C51.EXE App\sg90\sg90.c OPTIMIZE(8,SPEED) BROWSE INCDIR(.\App\sg90;.\App\key;.\P
                    -ublic) DEBUG OBJECTEXTEND PRINT(.\Obj\sg90.lst) TABS(2) OBJECT(.\Obj\sg90.obj)

line level    source

   1          # include "sg90.h"
   2          
   3          u8 time = 0;
   4          u8 time_cnt = 0;


MODULE INFORMATION:   STATIC OVERLAYABLE
   CODE SIZE        =   ----    ----
   CONSTANT SIZE    =   ----    ----
   XDATA SIZE       =   ----    ----
   PDATA SIZE       =   ----    ----
   DATA SIZE        =      2    ----
   IDATA SIZE       =   ----    ----
   BIT SIZE         =   ----    ----
END OF MODULE INFORMATION.


C51 COMPILATION COMPLETE.  0 WARNING(S),  0 ERROR(S)
