C51 COMPILER V9.60.0.0   LCD1602                                                           11/17/2022 13:15:16 PAGE 1   


C51 COMPILER V9.60.0.0, COMPILATION OF MODULE LCD1602
OBJECT MODULE PLACED IN .\Obj\lcd1602.obj
COMPILER INVOKED BY: C:\Keil_v5\C51\BIN\C51.EXE App\lcd1602\lcd1602.c OPTIMIZE(8,SPEED) BROWSE INCDIR(.\Public;.\App\lcd
                    -1602) DEBUG OBJECTEXTEND PRINT(.\Obj\lcd1602.lst) TABS(2) OBJECT(.\Obj\lcd1602.obj)

line level    source

   1          # include "lcd1602.h"
   2          
   3          //lcd1602写命令
   4          void lcd1602_write_cmd(u8 cmd){
   5   1      
   6   1          //RS 为0 是写命令 如果为1 是写数据
   7   1          LCD1602_RS = 0;
   8   1      
   9   1          //选择写为0 选择读为1
  10   1          LCD1602_RW = 0;
  11   1      
  12   1          LCD1602_E = 0;
  13   1      
  14   1          //写入数据
  15   1          LCD1602_DATAPORT = cmd;
  16   1          //延时1ms
  17   1          delay_ms(1);
  18   1      
  19   1          //上升延
  20   1          LCD1602_E = 1;
  21   1          //延迟1ms
  22   1          LCD1602_E = 0;
  23   1      }
  24          
  25          //写数据
  26          void lcd1602_write_data(u8 dat){
  27   1          //RS 为0 是写命令 如果为1 是写数据
  28   1          LCD1602_RS = 1;
  29   1      
  30   1          //选择写为0 选择读为1
  31   1          LCD1602_RW = 0;
  32   1      
  33   1          LCD1602_E = 0;
  34   1      
  35   1          //写入数据
  36   1          LCD1602_DATAPORT = dat;
  37   1          //延时1ms
  38   1          delay_ms(1);
  39   1      
  40   1          //上升延
  41   1          LCD1602_E = 1;
  42   1          //延迟1ms
  43   1          LCD1602_E = 0;
  44   1      }
  45          
  46          //lcd1602初始化
  47          void lcd1602_init(){
  48   1      
  49   1          //功能设定指令
  50   1          lcd1602_write_cmd(0x38);
  51   1          //开关控制 开启
  52   1          lcd1602_write_cmd(0x0c);
  53   1          //模式设置指令 光标向右移动
  54   1          lcd1602_write_cmd(0x06);
C51 COMPILER V9.60.0.0   LCD1602                                                           11/17/2022 13:15:16 PAGE 2   

  55   1          //清屏指令
  56   1          lcd1602_write_cmd(0x01);
  57   1      }
  58          
  59          //显示字符串
  60          void lcd1602_show_string(u8 x, u8 y, u8 *str){
  61   1      
  62   1          u8 i = 0;
  63   1      
  64   1          if (y > 1 || x > 15) return;
  65   1      
  66   1          if (y < 1){ //第1 行
  67   2              while (*str != '\0'){
  68   3                  if (i < 16 - x) 
  69   3                      lcd1602_write_cmd(0x80 + x + i); //第1 行
  70   3                  else 
  71   3                      lcd1602_write_cmd(0x80 + 0x40 + x + i - 16); //第2 行
  72   3                  //写入显示内容
  73   3                  lcd1602_write_data(*str);
  74   3                  str++;
  75   3                  i++;
  76   3              }
  77   2          }
  78   1          else { //第2 行开始
  79   2      
  80   2          while(*str != '\0'){
  81   3              if (i < 16 - x)
  82   3                  lcd1602_write_cmd(0x80 + 0x40 + x + i);
  83   3              else 
  84   3                  lcd1602_write_cmd(0x80 + x + i - 16);
  85   3              //写入显示内容
  86   3              lcd1602_write_data(*str);
  87   3              str++;
  88   3              i++;
  89   3               }
  90   2          }
  91   1      }
  92          
  93          //清屏幕
  94          void lcd1602_clear(){
  95   1          lcd1602_write_cmd(0x01);
  96   1      }


MODULE INFORMATION:   STATIC OVERLAYABLE
   CODE SIZE        =    261    ----
   CONSTANT SIZE    =   ----    ----
   XDATA SIZE       =   ----    ----
   PDATA SIZE       =   ----    ----
   DATA SIZE        =   ----       5
   IDATA SIZE       =   ----    ----
   BIT SIZE         =   ----    ----
END OF MODULE INFORMATION.


C51 COMPILATION COMPLETE.  0 WARNING(S),  0 ERROR(S)
