C51 COMPILER V9.60.0.0   KEY                                                               11/16/2022 10:34:46 PAGE 1   


C51 COMPILER V9.60.0.0, COMPILATION OF MODULE KEY
OBJECT MODULE PLACED IN .\Obj\key.obj
COMPILER INVOKED BY: C:\Keil_v5\C51\BIN\C51.EXE App\key\key.c OPTIMIZE(8,SPEED) BROWSE INCDIR(.\App\key;.\App\sg90;.\Pub
                    -lic) DEBUG OBJECTEXTEND PRINT(.\Obj\key.lst) TABS(2) OBJECT(.\Obj\key.obj)

line level    source

   1          # include "key.h"
   2          
   3          u8 key_gtim_h = 0;
   4          u8 key_gtim_l = 0;
   5          u8 KeySta[2] = {1,1};
   6          u8 KeyBac[2] = {1,1};
   7          
   8          //判断按键是否按下
   9          u8 key_Judgement(){
  10   1          u8 i = 0;
  11   1          u8 key = 0;
  12   1      
  13   1          for (i = 0; i < 2; i++){
  14   2              if (KeySta[i] != KeyBac[i]){
  15   3                  if (KeyBac[i] != 0){
  16   4                      key = i+1;
  17   4                  }
  18   3                  KeyBac[i] = KeySta[i];
  19   3              }
  20   2          }
  21   1          return key;
  22   1      }
  23          
  24          //中断函数
  25          void key_pick() {
  26   1          u8 KeyBuf[2] = {1,1};
  27   1          u8 i = 0;
  28   1          
  29   1          KeyBuf[0] = KEY1;
  30   1          KeyBuf[1] = KEY2;
  31   1      
  32   1          for (i = 0; i < 2; i++){
  33   2              if (KeyBuf[i] == 0) KeySta[i] = 0;
  34   2              else if (KeyBuf[i] == 1) KeySta[i] = 1;
  35   2          }
  36   1      }


MODULE INFORMATION:   STATIC OVERLAYABLE
   CODE SIZE        =    122    ----
   CONSTANT SIZE    =      2    ----
   XDATA SIZE       =   ----    ----
   PDATA SIZE       =   ----    ----
   DATA SIZE        =      6       2
   IDATA SIZE       =   ----    ----
   BIT SIZE         =   ----    ----
END OF MODULE INFORMATION.


C51 COMPILATION COMPLETE.  0 WARNING(S),  0 ERROR(S)
