C51 COMPILER V9.60.0.0   MAIN                                                              11/16/2022 10:34:46 PAGE 1   


C51 COMPILER V9.60.0.0, COMPILATION OF MODULE MAIN
OBJECT MODULE PLACED IN .\Obj\main.obj
COMPILER INVOKED BY: C:\Keil_v5\C51\BIN\C51.EXE User\main.c OPTIMIZE(8,SPEED) BROWSE INCDIR(.\App\key;.\App\sg90;.\Publi
                    -c) DEBUG OBJECTEXTEND PRINT(.\Obj\main.lst) TABS(2) OBJECT(.\Obj\main.obj)

line level    source

   1          # include "public.h"
   2          # include "key.h"
   3          # include "sg90.h"
   4          
   5          void main(){
   6   1      
   7   1          u8 key = 0;
   8   1          signed char duty = 0;
   9   1        
  10   1          //初始化定时器中断
  11   1          pwm_init(0xFE, 0x33, 40, duty);
  12   1      
  13   1          while(1){
  14   2      
  15   2              //判断按键是否按下
  16   2              key_pick();
  17   2      
  18   2              //获取哪个按键按下
  19   2              key = key_Judgement();
  20   2              if (key == 1){
  21   3                  if (duty <= 3){
  22   4                      duty ++;
  23   4                      //更新占空比
  24   4                      pwm_set_duty(duty);
  25   4                  }
  26   3              }
  27   2              else if (key == 2){
  28   3                  if (duty >= 1){
  29   4                      duty --;
  30   4                      //更新占空比
  31   4                      pwm_set_duty(duty);
  32   4                  }
  33   3              }
  34   2          }
  35   1      }


MODULE INFORMATION:   STATIC OVERLAYABLE
   CODE SIZE        =     90    ----
   CONSTANT SIZE    =   ----    ----
   XDATA SIZE       =   ----    ----
   PDATA SIZE       =   ----    ----
   DATA SIZE        =   ----       2
   IDATA SIZE       =   ----    ----
   BIT SIZE         =   ----    ----
END OF MODULE INFORMATION.


C51 COMPILATION COMPLETE.  0 WARNING(S),  0 ERROR(S)
