C51 COMPILER V9.60.0.0   SG90                                                              11/16/2022 10:34:46 PAGE 1   


C51 COMPILER V9.60.0.0, COMPILATION OF MODULE SG90
OBJECT MODULE PLACED IN .\Obj\sg90.obj
COMPILER INVOKED BY: C:\Keil_v5\C51\BIN\C51.EXE App\sg90\sg90.c OPTIMIZE(8,SPEED) BROWSE INCDIR(.\App\key;.\App\sg90;.\P
                    -ublic) DEBUG OBJECTEXTEND PRINT(.\Obj\sg90.lst) TABS(2) OBJECT(.\Obj\sg90.obj)

line level    source

   1          # include "sg90.h"
   2          # include "key.h"
   3          
   4          //初始化中断时间，周期，占空比
   5          u8 gtim_h = 0;
   6          u8 gtim_l = 0;
   7          u8 gtim_scale = 0;
   8          signed char gduty = 0;
   9          
  10          //PWM 初始化
  11          void pwm_init(u8 tim_h, u8 tim_l, u8 tim_scale, signed char duty){
  12   1      
  13   1          //初始化中断时间，周期，占空比
  14   1          gtim_h = tim_h;
  15   1          gtim_l = tim_l;
  16   1          gtim_scale = tim_scale;
  17   1          gduty = duty;
  18   1      
  19   1          //定时器T0 工作模式M1
  20   1          TMOD = 0x01;
  21   1      
  22   1          //设置中断时间
  23   1          TH0 = gtim_h;
  24   1          TL0 = gtim_l;
  25   1      
  26   1          //中断定时器T0 开启
  27   1          ET0 = 1;
  28   1      
  29   1          //总中断开启
  30   1          EA = 1;
  31   1      
  32   1          //定时器T0 开启
  33   1          TR0 = 1;
  34   1      }
  35          
  36          //更新占空比
  37          void pwm_set_duty(u8 duty){
  38   1          gduty = duty;
  39   1      }
  40          
  41          //中断函数
  42          void pwm() interrupt 1{
  43   1      
  44   1          static u8 time = 0;
  45   1      
  46   1          TH0 = gtim_h;
  47   1          TL0 = gtim_l;
  48   1      
  49   1          time++;
  50   1      
  51   1          if (time >= gtim_scale) time = 0;
  52   1      
  53   1          if (time <= gduty) PWM = 1;
  54   1          else PWM = 0;
C51 COMPILER V9.60.0.0   SG90                                                              11/16/2022 10:34:46 PAGE 2   

  55   1      }


MODULE INFORMATION:   STATIC OVERLAYABLE
   CODE SIZE        =     96    ----
   CONSTANT SIZE    =   ----    ----
   XDATA SIZE       =   ----    ----
   PDATA SIZE       =   ----    ----
   DATA SIZE        =      5       4
   IDATA SIZE       =   ----    ----
   BIT SIZE         =   ----    ----
END OF MODULE INFORMATION.


C51 COMPILATION COMPLETE.  0 WARNING(S),  0 ERROR(S)
