C51 COMPILER V9.60.0.0   AT24C02                                                           10/29/2022 13:53:17 PAGE 1   


C51 COMPILER V9.60.0.0, COMPILATION OF MODULE AT24C02
OBJECT MODULE PLACED IN .\Obj\at24c02.obj
COMPILER INVOKED BY: C:\Keil_v5\C51\BIN\C51.EXE App\at24c02\at24c02.c OPTIMIZE(8,SPEED) BROWSE INCDIR(.\Public;.\App\at2
                    -4c02;.\App\iic;.\App\key;.\App\smg) DEBUG OBJECTEXTEND PRINT(.\Obj\at24c02.lst) TABS(2) OBJECT(.\Obj\at24c02.obj)

line level    source

   1          # include "at24c02.h"
   2          
   3          //写字节
   4          void at24c02_write_byte(uchar addr, ulong dat){
   5   1      
   6   1          //起始信号
   7   1          iic_start();
   8   1          //设置位发送数据
   9   1          iic_write_byte(0xa0);
  10   1          //应答信号
  11   1          iic_wait_ack();
  12   1          //写入从机地址
  13   1          iic_write_byte(addr);
  14   1          //应答信号
  15   1          iic_wait_ack();
  16   1          //发送数据
  17   1          iic_write_byte(dat);
  18   1          //判断应答信号
  19   1          iic_wait_ack();
  20   1          //停止信号
  21   1          iic_stop();
  22   1      }
  23          
  24          //读字节
  25          ulong at24c02_read_byte(uchar addr){
  26   1      
  27   1          ulong temp = 0;
  28   1          //起始信号
  29   1          iic_start();
  30   1          //设置发送数据
  31   1          iic_write_byte(0xa0);
  32   1          //应答信号
  33   1          iic_wait_ack();
  34   1          //写入从机地址
  35   1          iic_write_byte(addr);
  36   1          //应答信号
  37   1          iic_wait_ack();
  38   1          //起始信号
  39   1          iic_start();
  40   1          //设置接收数据
  41   1          iic_write_byte(0xa1);
  42   1          //应答信号
  43   1          iic_wait_ack();
  44   1          temp = iic_read_byte(1);
  45   1          iic_stop();
  46   1      
  47   1          return temp;
  48   1      }


MODULE INFORMATION:   STATIC OVERLAYABLE
   CODE SIZE        =    130    ----
   CONSTANT SIZE    =   ----    ----
   XDATA SIZE       =   ----    ----
C51 COMPILER V9.60.0.0   AT24C02                                                           10/29/2022 13:53:17 PAGE 2   

   PDATA SIZE       =   ----    ----
   DATA SIZE        =   ----      10
   IDATA SIZE       =   ----    ----
   BIT SIZE         =   ----    ----
END OF MODULE INFORMATION.


C51 COMPILATION COMPLETE.  0 WARNING(S),  0 ERROR(S)
