C51 COMPILER V9.60.0.0   IIC                                                               10/29/2022 13:53:17 PAGE 1   


C51 COMPILER V9.60.0.0, COMPILATION OF MODULE IIC
OBJECT MODULE PLACED IN .\Obj\iic.obj
COMPILER INVOKED BY: C:\Keil_v5\C51\BIN\C51.EXE App\iic\iic.c OPTIMIZE(8,SPEED) BROWSE INCDIR(.\Public;.\App\at24c02;.\A
                    -pp\iic;.\App\key;.\App\smg) DEBUG OBJECTEXTEND PRINT(.\Obj\iic.lst) TABS(2) OBJECT(.\Obj\iic.obj)

line level    source

   1          # include "iic.h"
   2          
   3          //起始信号
   4          void iic_start(){
   5   1      
   6   1          iic_SDA = 1;
   7   1          iic_SCL = 1;
   8   1          delay(1);
   9   1          iic_SDA = 0;
  10   1          delay(1);
  11   1          iic_SCL = 0;
  12   1          delay(1);
  13   1      }
  14          
  15          //终止信号
  16          void iic_stop(){
  17   1      
  18   1          iic_SDA = 0;
  19   1          iic_SCL = 1;
  20   1          delay(1);
  21   1          iic_SDA = 1;
  22   1          delay(1);
  23   1      }
  24          
  25          //应答信号
  26          void iic_ack(){
  27   1          iic_SCL = 0;
  28   1          iic_SDA = 0;
  29   1          delay(1);
  30   1          iic_SCL = 1;
  31   1          delay(1);
  32   1          iic_SCL = 0;
  33   1          delay(1);
  34   1      }
  35          
  36          //非应答信号
  37          void iic_nack(){
  38   1      
  39   1          iic_SCL = 0;
  40   1          iic_SDA = 1;
  41   1          delay(1);
  42   1          iic_SCL = 1;
  43   1          delay(1);
  44   1          iic_SCL = 0;
  45   1          delay(1);
  46   1      }
  47          
  48          //判断应答信号
  49          uchar iic_wait_ack(){
  50   1          uchar ack_temp = 0;
  51   1      
  52   1          iic_SCL = 1;
  53   1          delay(1);
  54   1          while(iic_SDA){
C51 COMPILER V9.60.0.0   IIC                                                               10/29/2022 13:53:17 PAGE 2   

  55   2              ack_temp++;
  56   2      
  57   2              if (ack_temp >= 100){
  58   3                  iic_stop();
  59   3                  return 1;
  60   3              }
  61   2          }
  62   1          iic_SCL = 0;
  63   1          return 0;
  64   1          //应答 0， 非应答 1
  65   1      }
  66          
  67          //写字节函数
  68          void iic_write_byte(ulong dat){
  69   1      
  70   1          uchar i;
  71   1      
  72   1          iic_SCL = 0;
  73   1          for (i = 0; i < 8; i++){
  74   2              if ((dat & 0x80) > 0){
  75   3                  iic_SDA = 1;
  76   3              }
  77   2              else {
  78   3                  iic_SDA = 0;
  79   3              }
  80   2              dat <<= 1;
  81   2              iic_SCL = 1;
  82   2              delay(1);
  83   2              iic_SCL = 0;
  84   2              delay(1);
  85   2          }
  86   1      }
  87          
  88          //读字节
  89          ulong iic_read_byte(uchar ack){
  90   1          uchar i;
  91   1          ulong temp = 0;
  92   1      
  93   1          for (i = 0; i < 8; i++){
  94   2              iic_SCL = 0;
  95   2              delay(1);
  96   2              iic_SCL = 1;
  97   2              delay(1);
  98   2              temp <<= 1;
  99   2              if (iic_SDA){
 100   3                  temp++;
 101   3              }
 102   2          }
 103   1          if (ack) iic_nack();
 104   1          else iic_ack();
 105   1      
 106   1          return temp;
 107   1      }


MODULE INFORMATION:   STATIC OVERLAYABLE
   CODE SIZE        =    315    ----
   CONSTANT SIZE    =   ----    ----
   XDATA SIZE       =   ----    ----
   PDATA SIZE       =   ----    ----
   DATA SIZE        =   ----      12
   IDATA SIZE       =   ----    ----
C51 COMPILER V9.60.0.0   IIC                                                               10/29/2022 13:53:17 PAGE 3   

   BIT SIZE         =   ----    ----
END OF MODULE INFORMATION.


C51 COMPILATION COMPLETE.  0 WARNING(S),  0 ERROR(S)
