C51 COMPILER V9.60.0.0   PUBLIC                                                            10/29/2022 13:53:17 PAGE 1   


C51 COMPILER V9.60.0.0, COMPILATION OF MODULE PUBLIC
OBJECT MODULE PLACED IN .\Obj\public.obj
COMPILER INVOKED BY: C:\Keil_v5\C51\BIN\C51.EXE Public\public.c OPTIMIZE(8,SPEED) BROWSE INCDIR(.\Public;.\App\at24c02;.
                    -\App\iic;.\App\key;.\App\smg) DEBUG OBJECTEXTEND PRINT(.\Obj\public.lst) TABS(2) OBJECT(.\Obj\public.obj)

line level    source

   1          # include "public.h"
   2          
   3          ulong num1 = 0;
   4          uchar flag = 0;
   5          uchar jia = 0;
   6          
   7          //返回秒数
   8          ulong ReturnNum(){
   9   1      
  10   1          return num1;
  11   1      }
  12          
  13          //初始化num1
  14          void Num_init(){
  15   1          num1 = read();
  16   1          jia = read2();
  17   1          flag = 0;
  18   1      }
  19          
  20          //按键2 数字清0
  21          void Num_0(){
  22   1          num1 = 0;
  23   1      }
  24          
  25          //按键1
  26          void Key1(){
  27   1          flag = !flag;
  28   1      }
  29          
  30          //按键3
  31          void Key3(){
  32   1          jia = !jia;
  33   1          at24c02_write_byte(1,jia);
  34   1      }
  35          
  36          //延时函数
  37          void delay(uchar us){
  38   1          while(us--);
  39   1      }
  40          
  41          //中断函数初始化
  42          void T0_init(){
  43   1          EA = 1; //中断使能开关
  44   1          TMOD = 0x01; //定时器T0 工作模式1
  45   1      
  46   1          //1 ms
  47   1          TH0 = 0xfc;
  48   1          TL0 = 0x66;
  49   1          ET0 = 1;  //定时器T0 中断开启
  50   1          TR0 = 1;  //定时器T0 开启
  51   1      
  52   1      }
  53          
  54          //读数据函数1
C51 COMPILER V9.60.0.0   PUBLIC                                                            10/29/2022 13:53:17 PAGE 2   

  55          ulong read(){
  56   1          ulong temp = 0;
  57   1          temp = at24c02_read_byte(0);
  58   1      
  59   1          return temp;
  60   1      }
  61          
  62          //读数据函数2
  63          uchar read2(){
  64   1          uchar temp = 0;
  65   1          temp = at24c02_read_byte(1);
  66   1      
  67   1          return temp;
  68   1      }
  69          
  70          //中断函数T0
  71          void InterruptTime0() interrupt 1{
  72   1      
  73   1          static uint cnt = 0;
  74   1      
  75   1          TH0 = 0xfc;
  76   1          TL0 = 0x66;
  77   1      
  78   1          //数码管显示
  79   1          smg_ShowLed();
  80   1      
  81   1          if (flag == 0){
  82   2          cnt++;
  83   2          if (cnt >= 1000){
  84   3              cnt = 0;
  85   3              if (jia == 0){
  86   4              num1++;
  87   4              }
  88   3              else {
  89   4                  num1--;
  90   4                  if (num1 == 0){
  91   5                      jia = !jia;
  92   5                      at24c02_write_byte(1,jia);
  93   5                  }
  94   4              }
  95   3              at24c02_write_byte(0,num1);
  96   3          }
  97   2          }
  98   1      
  99   1          //按键消抖
 100   1          key_Vanish();
 101   1      }


MODULE INFORMATION:   STATIC OVERLAYABLE
   CODE SIZE        =    330    ----
   CONSTANT SIZE    =   ----    ----
   XDATA SIZE       =   ----    ----
   PDATA SIZE       =   ----    ----
   DATA SIZE        =      8    ----
   IDATA SIZE       =   ----    ----
   BIT SIZE         =   ----    ----
END OF MODULE INFORMATION.


C51 COMPILATION COMPLETE.  0 WARNING(S),  0 ERROR(S)
