C51 COMPILER V9.60.0.0   DS1302                                                            11/05/2022 15:38:27 PAGE 1   


C51 COMPILER V9.60.0.0, COMPILATION OF MODULE DS1302
OBJECT MODULE PLACED IN .\Obj\ds1302.obj
COMPILER INVOKED BY: C:\Keil_v5\C51\BIN\C51.EXE App\ds1302\ds1302.c OPTIMIZE(8,SPEED) BROWSE INCDIR(.\Public) DEBUG OBJE
                    -CTEXTEND PRINT(.\Obj\ds1302.lst) TABS(2) OBJECT(.\Obj\ds1302.obj)

line level    source

   1          # include "ds1302.h"
   2          
   3          //写字节函数
   4          void ds1302_write_byte(u8 addr, u8 dat){
   5   1      
   6   1          u8 i = 0;
   7   1      
   8   1          CE = 0;
   9   1          //延时 1us
  10   1          _nop_();
  11   1          SCLK = 0;
  12   1          //延时1 us
  13   1          _nop_();
  14   1          CE = 1;
  15   1          _nop_();
  16   1      
  17   1          //先发送地址
  18   1          for (i = 0; i < 8; i++){
  19   2              ds1302_IO = addr & 0x01;
  20   2              addr >>= 1;
  21   2              //SCLK 拉高
  22   2              SCLK = 1;
  23   2              //延时
  24   2              _nop_();
  25   2              //SCLK 拉低
  26   2              SCLK = 0;
  27   2              //延时
  28   2              _nop_();
  29   2          }
  30   1      
  31   1          //写入数据
  32   1          for (i = 0; i < 8; i++){
  33   2              ds1302_IO = dat & 0x01;
  34   2              dat >>= 1;
  35   2              //SCLK 拉高
  36   2              SCLK = 1;
  37   2              //延时
  38   2              _nop_();
  39   2              //SCLK 拉低
  40   2              SCLK = 0;
  41   2              //延时
  42   2              _nop_();
  43   2          }
  44   1      
  45   1          CE = 0;
  46   1      }


MODULE INFORMATION:   STATIC OVERLAYABLE
   CODE SIZE        =     70    ----
   CONSTANT SIZE    =   ----    ----
   XDATA SIZE       =   ----    ----
   PDATA SIZE       =   ----    ----
   DATA SIZE        =   ----    ----
C51 COMPILER V9.60.0.0   DS1302                                                            11/05/2022 15:38:27 PAGE 2   

   IDATA SIZE       =   ----    ----
   BIT SIZE         =   ----    ----
END OF MODULE INFORMATION.


C51 COMPILATION COMPLETE.  0 WARNING(S),  0 ERROR(S)
