C51 COMPILER V9.60.0.0   PUBLIC                                                            11/07/2022 13:58:42 PAGE 1   


C51 COMPILER V9.60.0.0, COMPILATION OF MODULE PUBLIC
OBJECT MODULE PLACED IN .\Obj\public.obj
COMPILER INVOKED BY: C:\Keil_v5\C51\BIN\C51.EXE Public\public.c OPTIMIZE(8,SPEED) BROWSE INCDIR(.\Public;.\App\ds1302;.\
                    -App\smg) DEBUG OBJECTEXTEND PRINT(.\Obj\public.lst) TABS(2) OBJECT(.\Obj\public.obj)

line level    source

   1          # include "public.h"
   2          
   3          //延时函数
   4          void delay_us(u8 z){
   5   1          while(z--);
   6   1      }
   7          
   8          //延时函数 ms
   9          void delay_ms(u8 z){
  10   1          u8 i;
  11   1          while(z--){
  12   2          for (i = 0; i < 120; i++);
  13   2          }
  14   1      }
  15          
  16          //中断函数初始化
  17          void T0_init(){
  18   1          //总中断使能开关
  19   1          EA = 1;
  20   1          //T0工作模式1
  21   1          TMOD = 0x01;
  22   1          //1 ms 溢出
  23   1          TH0 = 0xfc;
  24   1          TL0 = 0x66;
  25   1      
  26   1          //定时器T0 中断使能开启
  27   1          ET0 = 1;
  28   1          //定时器T0 开启
  29   1          TR0 = 1;
  30   1      }
  31          
  32          void InterruptTime0() interrupt 1{
  33   1      
  34   1          static u8 i = 0;
  35   1          static u16 cnt = 0;
  36   1          i++;
  37   1          cnt++;
  38   1      
  39   1          TH0 = 0xfc;
  40   1          TL0 = 0x66;
  41   1      
  42   1          if (cnt == 1000){
  43   2              cnt = 0;
  44   2              smg_run();
  45   2          }
  46   1      
  47   1          if (i >= 10){
  48   2              i = 0;
  49   2              smg_ShowLed();
  50   2          }
  51   1      
  52   1      }


C51 COMPILER V9.60.0.0   PUBLIC                                                            11/07/2022 13:58:42 PAGE 2   

MODULE INFORMATION:   STATIC OVERLAYABLE
   CODE SIZE        =    153    ----
   CONSTANT SIZE    =   ----    ----
   XDATA SIZE       =   ----    ----
   PDATA SIZE       =   ----    ----
   DATA SIZE        =      3    ----
   IDATA SIZE       =   ----    ----
   BIT SIZE         =   ----    ----
END OF MODULE INFORMATION.


C51 COMPILATION COMPLETE.  0 WARNING(S),  0 ERROR(S)
