C51 COMPILER V9.60.0.0   SMG                                                               11/07/2022 13:58:42 PAGE 1   


C51 COMPILER V9.60.0.0, COMPILATION OF MODULE SMG
OBJECT MODULE PLACED IN .\Obj\smg.obj
COMPILER INVOKED BY: C:\Keil_v5\C51\BIN\C51.EXE App\smg\smg.c OPTIMIZE(8,SPEED) BROWSE INCDIR(.\Public;.\App\ds1302;.\Ap
                    -p\smg) DEBUG OBJECTEXTEND PRINT(.\Obj\smg.lst) TABS(2) OBJECT(.\Obj\smg.obj)

line level    source

   1          # include "smg.h"
   2          
   3          //共阴数码管数字0~9
   4          u8 code LedChar[] = { 0x3f,0x06,0x5b,0x4f,0x66,0x6d,0x7d,0x07,0x7f,0x6f };
   5          
   6          //数码管缓存区
   7          u8 LedBuff[] = {0x00,0x00,0x00,0x00,0x00,0x00,0x00,0x00};
   8          
   9          //ds1302 时间数据
  10          u8 time[7];
  11          
  12          //显示数码管
  13          void smg_ShowLed(){
  14   1          u8 i = 0;
  15   1      
  16   1          for (i = 0;i < 8;){
  17   2              P0 = 0x00;
  18   2          switch(i){
  19   3              case 0: ADDR0 = 0; ADDR1 = 0; ADDR2 = 0; i++; P0 = LedBuff[0]; break;
  20   3              case 1: ADDR0 = 1; ADDR1 = 0; ADDR2 = 0; i++; P0 = LedBuff[1]; break;
  21   3              case 2: ADDR0 = 0; ADDR1 = 1; ADDR2 = 0; i++; P0 = LedBuff[2]; break;
  22   3              case 3: ADDR0 = 1; ADDR1 = 1; ADDR2 = 0; i++; P0 = LedBuff[3]; break;
  23   3              case 4: ADDR0 = 0; ADDR1 = 0; ADDR2 = 1; i++; P0 = LedBuff[4]; break;
  24   3              case 5: ADDR0 = 1; ADDR1 = 0; ADDR2 = 1; i++; P0 = LedBuff[5]; break;
  25   3              case 6: ADDR0 = 0; ADDR1 = 1; ADDR2 = 1; i++; P0 = LedBuff[6]; break;
  26   3              case 7: ADDR0 = 1; ADDR1 = 1; ADDR2 = 1; i=0; P0 = LedBuff[7]; break;
  27   3          }
  28   2          }
  29   1      }
  30          
  31          //返回时间初始化数字
  32          void smg_turn(){
  33   1          u8 i = 0;
  34   1      
  35   1          for (i = 0; i < 7; i++){
  36   2              time[i] = ds1302_turn();
  37   2          }
  38   1      }
  39          
  40          //运行时间
  41          void smg_run(){
  42   1      
  43   1          time[0]++;
  44   1      
  45   1          if (time[0] == 0x59){
  46   2              time[0] = 0;
  47   2              time[1]++;
  48   2          }
  49   1          if (time[1] == 0x59){
  50   2              time[1] = 0;
  51   2              time[2]++;
  52   2          }
  53   1          if (time[2] == 0x24){
  54   2              time[2] = 0;
C51 COMPILER V9.60.0.0   SMG                                                               11/07/2022 13:58:42 PAGE 2   

  55   2          }
  56   1      }
  57          
  58          //显示时间数字
  59          void smg_ShowNum(){
  60   1      
  61   1              LedBuff[7] = LedChar[time[2]/16];
  62   1              LedBuff[6] = LedChar[time[2]%16];
  63   1              LedBuff[5] = 0x40;
  64   1              LedBuff[4] = LedChar[time[1]/16];
  65   1              LedBuff[3] = LedChar[time[1]%16];
  66   1              LedBuff[2] = 0x40;
  67   1              LedBuff[1] = LedChar[time[0]/16];
  68   1              LedBuff[0] = LedChar[time[0]%16];
  69   1      }


MODULE INFORMATION:   STATIC OVERLAYABLE
   CODE SIZE        =    272    ----
   CONSTANT SIZE    =     10    ----
   XDATA SIZE       =   ----    ----
   PDATA SIZE       =   ----    ----
   DATA SIZE        =     15       1
   IDATA SIZE       =   ----    ----
   BIT SIZE         =   ----    ----
END OF MODULE INFORMATION.


C51 COMPILATION COMPLETE.  0 WARNING(S),  0 ERROR(S)
