C51 COMPILER V9.60.0.0   MAIN                                                              11/13/2022 17:23:17 PAGE 1   


C51 COMPILER V9.60.0.0, COMPILATION OF MODULE MAIN
OBJECT MODULE PLACED IN .\Obj\main.obj
COMPILER INVOKED BY: C:\Keil_v5\C51\BIN\C51.EXE User\main.c OPTIMIZE(8,SPEED) BROWSE INCDIR(.\App\pwm;.\Public) DEBUG OB
                    -JECTEXTEND PRINT(.\Obj\main.lst) TABS(2) OBJECT(.\Obj\main.obj)

line level    source

   1          # include "public.h"
   2          # include "pwm.h"
   3          
   4          void main(){
   5   1      
   6   1          u8 dir = 0;
   7   1          signed char duty = 0;
   8   1      
   9   1          pwm_init(0xff, 0xf6, 100, 0);
  10   1      
  11   1          while(1){
  12   2              if (dir == 0){
  13   3                  duty ++;
  14   3                  if (duty == 50) dir = 1;
  15   3              }
  16   2              else {
  17   3                  duty --;
  18   3                  if (duty == 0) dir = 0;
  19   3              }
  20   2      
  21   2              delay_ms(1);
  22   2              pwm_set_duty_cycle(duty);
  23   2          }
  24   1      }


MODULE INFORMATION:   STATIC OVERLAYABLE
   CODE SIZE        =     65    ----
   CONSTANT SIZE    =   ----    ----
   XDATA SIZE       =   ----    ----
   PDATA SIZE       =   ----    ----
   DATA SIZE        =   ----       2
   IDATA SIZE       =   ----    ----
   BIT SIZE         =   ----    ----
END OF MODULE INFORMATION.


C51 COMPILATION COMPLETE.  0 WARNING(S),  0 ERROR(S)
