C51 COMPILER V9.60.0.0   PUBLIC                                                            11/13/2022 17:23:17 PAGE 1   


C51 COMPILER V9.60.0.0, COMPILATION OF MODULE PUBLIC
OBJECT MODULE PLACED IN .\Obj\public.obj
COMPILER INVOKED BY: C:\Keil_v5\C51\BIN\C51.EXE Public\public.c OPTIMIZE(8,SPEED) BROWSE INCDIR(.\App\pwm;.\Public) DEBU
                    -G OBJECTEXTEND PRINT(.\Obj\public.lst) TABS(2) OBJECT(.\Obj\public.obj)

line level    source

   1          # include "public.h"
   2          
   3          //1ms 延迟函数
   4          void delay_ms(u8 z){
   5   1      
   6   1          u8 i = 0;
   7   1          while(z --){
   8   2              for (i = 0; i <= 120; i++);
   9   2          }
  10   1      }


MODULE INFORMATION:   STATIC OVERLAYABLE
   CODE SIZE        =     22    ----
   CONSTANT SIZE    =   ----    ----
   XDATA SIZE       =   ----    ----
   PDATA SIZE       =   ----    ----
   DATA SIZE        =   ----    ----
   IDATA SIZE       =   ----    ----
   BIT SIZE         =   ----    ----
END OF MODULE INFORMATION.


C51 COMPILATION COMPLETE.  0 WARNING(S),  0 ERROR(S)
