C51 COMPILER V9.60.0.0   MAIN                                                              11/04/2022 17:08:15 PAGE 1   


C51 COMPILER V9.60.0.0, COMPILATION OF MODULE MAIN
OBJECT MODULE PLACED IN .\Obj\main.obj
COMPILER INVOKED BY: C:\Keil_v5\C51\BIN\C51.EXE User\main.c OPTIMIZE(8,SPEED) BROWSE INCDIR(.\App\smg;.\Public;.\App\DS1
                    -0B20) DEBUG OBJECTEXTEND PRINT(.\Obj\main.lst) TABS(2) OBJECT(.\Obj\main.obj)

line level    source

   1          # include "public.h"
   2          # include "ds18b20.h"
   3          # include "smg.h"
   4          
   5          void main(){
   6   1          int temp_value = 0;
   7   1          uchar temp_pick = 1;
   8   1          uchar i = 0;
   9   1          uint num = 0;
  10   1      
  11   1          //初始化
  12   1          ds18b20_init();
  13   1      
  14   1          //定时器T0 中断初始化
  15   1          public_T0_init();
  16   1      
  17   1          while(1){
  18   2              i++;
  19   2      
  20   2              if (i == 50){
  21   3                  i = 0;
  22   3              temp_value = ds18b20_read_temperture() * 10;
  23   3              }
  24   2      
  25   2              if (temp_value < 0){
  26   3                  temp_value = -temp_value;
  27   3                  temp_pick = 0;
  28   3                  num = temp_value;
  29   3              }
  30   2              else {
  31   3                  temp_pick = 1;
  32   3                  num = temp_value;
  33   3              }
  34   2              smg_ShowNumber(num, temp_pick);
  35   2          }
  36   1      }


MODULE INFORMATION:   STATIC OVERLAYABLE
   CODE SIZE        =     95    ----
   CONSTANT SIZE    =   ----    ----
   XDATA SIZE       =   ----    ----
   PDATA SIZE       =   ----    ----
   DATA SIZE        =   ----       6
   IDATA SIZE       =   ----    ----
   BIT SIZE         =   ----    ----
END OF MODULE INFORMATION.


C51 COMPILATION COMPLETE.  0 WARNING(S),  0 ERROR(S)
