C51 COMPILER V9.60.0.0   PUBLIC                                                            11/03/2022 16:33:30 PAGE 1   


C51 COMPILER V9.60.0.0, COMPILATION OF MODULE PUBLIC
OBJECT MODULE PLACED IN .\Obj\public.obj
COMPILER INVOKED BY: C:\Keil_v5\C51\BIN\C51.EXE Public\public.c OPTIMIZE(8,SPEED) BROWSE INCDIR(.\App\smg;.\Public;.\App
                    -\DS10B20) DEBUG OBJECTEXTEND PRINT(.\Obj\public.lst) TABS(2) OBJECT(.\Obj\public.obj)

line level    source

   1          # include "public.h"
   2          
   3          //中断初始化函数
   4          void public_T0_init(){
   5   1          
   6   1          //总中断使能开启
   7   1          EA = 1;
   8   1          //定时器T0工作模式1
   9   1          TMOD = 0x01;
  10   1          //1 ms
  11   1          TH0 = 0xfc;
  12   1          TL0 = 0x66;
  13   1          //定时器T0 中断开启
  14   1          ET0 = 1;
  15   1          //定时器T0 开启
  16   1          TR0 = 1;
  17   1      }
  18          
  19          //延时函数 us
  20          void public_us_delay(uchar z){
  21   1          while(z--);
  22   1      }
  23          
  24          //延时函数 ms
  25          void public_ms_delay(uchar z){
  26   1        uchar i;
  27   1          while(z--){
  28   2              for(i = 0; i < 120; i++);
  29   2          }
  30   1      }
  31          
  32          void InterruptTime0() interrupt 1{
  33   1          TH0 = 0xfc;
  34   1          TL0 = 0x66;
  35   1      
  36   1          smg_ShowLed();
  37   1      }


MODULE INFORMATION:   STATIC OVERLAYABLE
   CODE SIZE        =    110    ----
   CONSTANT SIZE    =   ----    ----
   XDATA SIZE       =   ----    ----
   PDATA SIZE       =   ----    ----
   DATA SIZE        =   ----    ----
   IDATA SIZE       =   ----    ----
   BIT SIZE         =   ----    ----
END OF MODULE INFORMATION.


C51 COMPILATION COMPLETE.  0 WARNING(S),  0 ERROR(S)
