C51 COMPILER V9.60.0.0   SMG                                                               11/04/2022 17:08:15 PAGE 1   


C51 COMPILER V9.60.0.0, COMPILATION OF MODULE SMG
OBJECT MODULE PLACED IN .\Obj\smg.obj
COMPILER INVOKED BY: C:\Keil_v5\C51\BIN\C51.EXE App\smg\smg.c OPTIMIZE(8,SPEED) BROWSE INCDIR(.\App\smg;.\Public;.\App\D
                    -S10B20) DEBUG OBJECTEXTEND PRINT(.\Obj\smg.lst) TABS(2) OBJECT(.\Obj\smg.obj)

line level    source

   1          # include "smg.h"
   2          
   3          //共阴数码管 数字0~9
   4          uchar code LedChar[] = { 0x3f,0x06,0x5b,0x4f,0x66,0x6d,0x7d,0x07,0x7f,0x6f };
   5          
   6          //数码管缓冲区
   7          uchar LedBuff[] = {0x00,0x00,0x00,0x00,0x00,0x00,0x00,0x00};
   8          
   9          //显示数码管
  10          void smg_ShowLed(){
  11   1          static uchar i = 0;
  12   1      
  13   1          P0 = 0x00;
  14   1          switch(i){
  15   2              case 0 : ADDR0 = 0; ADDR1 = 0; ADDR2 = 0; i++; P0 = LedBuff[0]; break;
  16   2              case 1 : ADDR0 = 1; ADDR1 = 0; ADDR2 = 0; i++; P0 = LedBuff[1]; break;
  17   2              case 2 : ADDR0 = 0; ADDR1 = 1; ADDR2 = 0; i++; P0 = LedBuff[2]; break;
  18   2              case 3 : ADDR0 = 1; ADDR1 = 1; ADDR2 = 0; i++; P0 = LedBuff[3]; break;
  19   2              case 4 : ADDR0 = 0; ADDR1 = 0; ADDR2 = 1; i=0; P0 = LedBuff[4]; break;
  20   2              case 5 : ADDR0 = 1; ADDR1 = 0; ADDR2 = 1; i++; P0 = LedBuff[5]; break;
  21   2              case 6 : ADDR0 = 0; ADDR1 = 1; ADDR2 = 1; i++; P0 = LedBuff[6]; break;
  22   2              case 7 : ADDR0 = 1; ADDR1 = 1; ADDR2 = 1; i=0; P0 = LedBuff[7]; break;
  23   2          }
  24   1      }
  25          
  26          //数码管显示有效位
  27          void smg_ShowNumber(uint num, uchar pick){
  28   1          signed i;
  29   1          uchar arr[5];
  30   1          for (i = 0; i < 5; i++){
  31   2              arr[i] = num % 10;
  32   2              num /= 10;
  33   2          }
  34   1          for (i = 4; i >=2; i--){
  35   2              if (arr[i] != 0){ 
  36   3                  if (pick == 0) LedBuff[i+1] = 0x40;
  37   3                  break;
  38   3              }
  39   2              else LedBuff[i] = 0x00;
  40   2          }
  41   1          for (; i >= 0; i--){
  42   2              LedBuff[i] = LedChar[arr[i]];
  43   2          }
  44   1          LedBuff[1] = LedBuff[1] | 0x80;
  45   1      }


MODULE INFORMATION:   STATIC OVERLAYABLE
   CODE SIZE        =    269    ----
   CONSTANT SIZE    =     10    ----
   XDATA SIZE       =   ----    ----
   PDATA SIZE       =   ----    ----
   DATA SIZE        =      9       8
   IDATA SIZE       =   ----    ----
C51 COMPILER V9.60.0.0   SMG                                                               11/04/2022 17:08:15 PAGE 2   

   BIT SIZE         =   ----    ----
END OF MODULE INFORMATION.


C51 COMPILATION COMPLETE.  0 WARNING(S),  0 ERROR(S)
