C51 COMPILER V9.60.0.0   MAIN                                                              10/05/2022 15:17:44 PAGE 1   


C51 COMPILER V9.60.0.0, COMPILATION OF MODULE MAIN
OBJECT MODULE PLACED IN .\Objects\main.obj
COMPILER INVOKED BY: C:\Keil_v5\C51\BIN\C51.EXE main.c OPTIMIZE(8,SPEED) BROWSE DEBUG OBJECTEXTEND PRINT(.\Listings\main
                    -.lst) TABS(2) OBJECT(.\Objects\main.obj)

line level    source

   1          # include <reg52.h>
   2          # define uint unsigned int
   3          # define uchar unsigned char
   4          
   5          sbit ADDR0 = P1 ^ 0;
   6          sbit ADDR1 = P1 ^ 1;
   7          sbit ADDR2 = P1 ^ 2;
   8          sbit ADDR3 = P1 ^ 3;
   9          sbit ENLED = P1 ^ 4;
  10          
  11          unsigned char code LedChar[] = {
  12            0xC0, 0xF9, 0xA4, 0xB0, 0x99, 0x92, 0x82, 0xF8, 0x80, 0x90
  13          };
  14          
  15          unsigned char LedBuff[] = {
  16            0xFF, 0xFF, 0xFF, 0xFF, 0xFF, 0xFF
  17          };
  18          
  19          uchar flagls = 0;
  20          uint cnt = 0;
  21          uchar i = 0;
  22          
  23          void main() {
  24   1      
  25   1        unsigned long sec = 0;
  26   1      
  27   1        EA = 1;
  28   1        ENLED = 0;
  29   1        ADDR3 = 1;
  30   1      
  31   1        TMOD = 0x01;
  32   1        TH0 = 0xfc;
  33   1        TL0 = 0x00;
  34   1      
  35   1        ET0 = 1;
  36   1        TR0 = 1;
  37   1      
  38   1        while (1) {
  39   2      
  40   2          if (flagls == 1) {
  41   3      
  42   3            flagls = 0;
  43   3            sec++;
  44   3      
  45   3            LedBuff[0] = LedChar[sec%10];
  46   3            LedBuff[1] = LedChar[sec/10%10];
  47   3            LedBuff[2] = LedChar[sec/100%10];
  48   3            LedBuff[3] = LedChar[sec/1000%10];
  49   3            LedBuff[4] = LedChar[sec/10000%10];
  50   3            LedBuff[5] = LedChar[sec/100000%10];
  51   3          }
  52   2      
  53   2        }
  54   1      }
C51 COMPILER V9.60.0.0   MAIN                                                              10/05/2022 15:17:44 PAGE 2   

  55          
  56          void InterruptTimer0() interrupt 1{
  57   1      
  58   1        TH0 = 0xfc;
  59   1        TL0 = 0x00;
  60   1        cnt++;
  61   1      
  62   1        if (cnt >= 1000) {
  63   2      
  64   2          cnt = 0;
  65   2          flagls = 1;
  66   2        }
  67   1      
  68   1        P0 = 0xff;
  69   1        switch (i) {
  70   2      
  71   2        case 0:                           ADDR0 = 0; ADDR1 = 0; ADDR2 = 0; P0 = LedBuff[0];  i++; break;
  72   2        case 1: if (LedBuff[1] != 0xC0) { ADDR0 = 1; ADDR1 = 0; ADDR2 = 0; P0 = LedBuff[1]; } i++; break;
  73   2        case 2: if (LedBuff[2] != 0xC0) { ADDR0 = 0; ADDR1 = 1; ADDR2 = 0; P0 = LedBuff[2]; } i++; break;
  74   2        case 3: if (LedBuff[3] != 0xC0) { ADDR0 = 1; ADDR1 = 1; ADDR2 = 0; P0 = LedBuff[3]; } i++; break;
  75   2        case 4: if (LedBuff[4] != 0xC0) { ADDR0 = 0; ADDR1 = 0; ADDR2 = 1; P0 = LedBuff[4]; } i++; break;
  76   2        case 5: if (LedBuff[5] != 0xC0) { ADDR0 = 1; ADDR1 = 0; ADDR2 = 1; P0 = LedBuff[5]; } i = 0; break;
  77   2        default: break;
  78   2        }
  79   1      }


MODULE INFORMATION:   STATIC OVERLAYABLE
   CODE SIZE        =    466    ----
   CONSTANT SIZE    =     10    ----
   XDATA SIZE       =   ----    ----
   PDATA SIZE       =   ----    ----
   DATA SIZE        =     10       4
   IDATA SIZE       =   ----    ----
   BIT SIZE         =   ----    ----
END OF MODULE INFORMATION.


C51 COMPILATION COMPLETE.  0 WARNING(S),  0 ERROR(S)
