C51 COMPILER V9.60.0.0   ____                                                              10/06/2022 16:37:31 PAGE 1   


C51 COMPILER V9.60.0.0, COMPILATION OF MODULE ____
OBJECT MODULE PLACED IN .\Objects\实验.obj
COMPILER INVOKED BY: C:\Keil_v5\C51\BIN\C51.EXE 实验.c OPTIMIZE(8,SPEED) BROWSE DEBUG OBJECTEXTEND PRINT(.\Listings\实验
                    -.lst) TABS(2) OBJECT(.\Objects\实验.obj)

line level    source

   1          # include <reg52.h>
   2          
   3          sbit ADDR0 = P1^0;
   4          sbit ADDR1 = P1^1;
   5          sbit ADDR2 = P1^2;
   6          sbit ADDR3 = P1^3;
   7          sbit ENLED = P1^4;
   8          
   9          void main(){
  10   1      
  11   1          ENLED = 0;
  12   1          ADDR3 = 0;
  13   1      
  14   1          ADDR0 = 0;
  15   1          ADDR1 = 0;
  16   1          ADDR2 = 0;
  17   1        
  18   1          P0 = 0x00;
  19   1        
  20   1          while(1);
  21   1      }


MODULE INFORMATION:   STATIC OVERLAYABLE
   CODE SIZE        =     15    ----
   CONSTANT SIZE    =   ----    ----
   XDATA SIZE       =   ----    ----
   PDATA SIZE       =   ----    ----
   DATA SIZE        =   ----    ----
   IDATA SIZE       =   ----    ----
   BIT SIZE         =   ----    ----
END OF MODULE INFORMATION.


C51 COMPILATION COMPLETE.  0 WARNING(S),  0 ERROR(S)
