C51 COMPILER V9.60.0.0   AT24C02                                                           10/29/2022 08:33:03 PAGE 1   


C51 COMPILER V9.60.0.0, COMPILATION OF MODULE AT24C02
OBJECT MODULE PLACED IN .\Obj\at24c02.obj
COMPILER INVOKED BY: C:\Keil_v5\C51\BIN\C51.EXE App\at24c02\at24c02.c OPTIMIZE(8,SPEED) BROWSE INCDIR(.\Public;.\App\iic
                    -;.\App\key;.\App\smg;.\App\at24c02) DEBUG OBJECTEXTEND PRINT(.\Obj\at24c02.lst) TABS(2) OBJECT(.\Obj\at24c02.obj)

line level    source

   1          # include "at24c02.h"
   2          
   3          //写字节
   4          void at24c02_write_one_byte(uchar addr, ulong dat){
   5   1          iic_start();
   6   1          iic_write_byte(0xA0); 
   7   1          iic_wait_ack();
   8   1          //写入从机地址
   9   1          iic_write_byte(addr);
  10   1          //判断应答信号
  11   1          iic_wait_ack();
  12   1          //写入数据
  13   1          iic_write_byte(dat);
  14   1          iic_wait_ack();
  15   1          iic_stop();
  16   1      }
  17          
  18          //读字节
  19          ulong at24c02_read_byte(ulong addr){
  20   1          ulong temp = 0;
  21   1      
  22   1          iic_start();
  23   1          //给主机发送发送数据信号 0
  24   1          iic_write_byte(0xA0);
  25   1          iic_wait_ack();
  26   1          //寻机地址
  27   1          iic_write_byte(addr); 
  28   1          //应答
  29   1          iic_wait_ack();
  30   1          //起始信号
  31   1          iic_start();
  32   1          //给主机发送读字节信号 1
  33   1          iic_write_byte(0xA1);
  34   1          //应答信号
  35   1          iic_wait_ack();
  36   1          temp = iic_read_byte(1);
  37   1          //停止信号
  38   1          iic_stop();
  39   1      
  40   1          return temp;
  41   1      }


MODULE INFORMATION:   STATIC OVERLAYABLE
   CODE SIZE        =    144    ----
   CONSTANT SIZE    =   ----    ----
   XDATA SIZE       =   ----    ----
   PDATA SIZE       =   ----    ----
   DATA SIZE        =   ----      13
   IDATA SIZE       =   ----    ----
   BIT SIZE         =   ----    ----
END OF MODULE INFORMATION.


C51 COMPILATION COMPLETE.  0 WARNING(S),  0 ERROR(S)
