C51 COMPILER V9.60.0.0   IIC                                                               10/26/2022 18:06:33 PAGE 1   


C51 COMPILER V9.60.0.0, COMPILATION OF MODULE IIC
OBJECT MODULE PLACED IN .\Obj\iic.obj
COMPILER INVOKED BY: C:\Keil_v5\C51\BIN\C51.EXE App\iic\iic.c OPTIMIZE(8,SPEED) BROWSE INCDIR(.\Public;.\App\iic;.\App\k
                    -ey;.\App\smg) DEBUG OBJECTEXTEND PRINT(.\Obj\iic.lst) TABS(2) OBJECT(.\Obj\iic.obj)

line level    source

   1          # include "iic.h"
   2          
   3          //iic的起始信号
   4          void iic_start(){
   5   1          iic_SCL = 1;
   6   1          iic_SDA = 1;
   7   1          delay(1);
   8   1          iic_SDA = 0;
   9   1          delay(1);
  10   1          iic_SCL = 0;
  11   1      }
  12          
  13          //iic的停止信号
  14          void iic_stop(){
  15   1          iic_SCL = 1;
  16   1          iic_SDA = 0;
  17   1          delay(1);
  18   1          iic_SDA = 1;
  19   1          delay(1);
  20   1      }
  21          
  22          //应答信号
  23          void iic_ack(){
  24   1          iic_SCL = 0;
  25   1          iic_SDA = 0;
  26   1          delay(1);
  27   1          iic_SCL = 1;
  28   1          delay(1);
  29   1          iic_SCL = 0;
  30   1      }
  31          
  32          //非应答信号
  33          void iic_nock(){
  34   1           iic_SCL = 0;
  35   1           iic_SDA = 1;
  36   1           delay(1);
  37   1           iic_SCL = 1;
  38   1           delay(1);
  39   1           iic_SCL = 0;
  40   1      }
  41          
  42          //判断应答信号
  43          uchar iic_wait_ack(){
  44   1      
  45   1          uchar time_temp = 0;
  46   1          iic_SCL = 1;
  47   1          delay(1);
  48   1          while(iic_SDA){
  49   2              time_temp++;
  50   2              if (time_temp > 100){
  51   3                  iic_stop();
  52   3                  return 1;
  53   3              }
  54   2          }
C51 COMPILER V9.60.0.0   IIC                                                               10/26/2022 18:06:33 PAGE 2   

  55   1          iic_SCL = 0;
  56   1          return 0;
  57   1          //0 是应答， 1非应答
  58   1      }
  59          
  60          //写入数据
  61          void iic_write_byte(uchar dat){
  62   1          uchar i = 0;
  63   1      
  64   1          iic_SCL = 0;
  65   1          for (i = 0; i < 8; i++){
  66   2              if (dat & 0x80 > 0){
  67   3                  iic_SDA = 1;
  68   3              }
  69   2              else {
  70   3                  iic_SDA = 0;
  71   3              }
  72   2              dat << 1;
*** WARNING C275 IN LINE 72 OF App\iic\iic.c: expression with possibly no effect
  73   2              iic_SCL = 1;
  74   2              delay(1);
  75   2              iic_SCL = 0;
  76   2              delay(1);
  77   2          }
  78   1      }
  79          
  80          //读数据
  81          uchar iic_read_byte(uchar ack){
  82   1      
  83   1          uchar i = 0;
  84   1          uchar receive = 0;
  85   1          for (i = 0; i < 8; i++){
  86   2              iic_SCL = 0;
  87   2              delay(1);
  88   2              iic_SCL = 1;
  89   2              delay(1);
  90   2              receive <<= 1;
  91   2              if (iic_SDA){
  92   3                  receive++; 
  93   3              }
  94   2          }
  95   1      if (!ack) iic_nock();
  96   1      else iic_ack(); 
  97   1      
  98   1          return receive;
  99   1      }


MODULE INFORMATION:   STATIC OVERLAYABLE
   CODE SIZE        =    224    ----
   CONSTANT SIZE    =   ----    ----
   XDATA SIZE       =   ----    ----
   PDATA SIZE       =   ----    ----
   DATA SIZE        =   ----       6
   IDATA SIZE       =   ----    ----
   BIT SIZE         =   ----    ----
END OF MODULE INFORMATION.


C51 COMPILATION COMPLETE.  1 WARNING(S),  0 ERROR(S)
