C51 COMPILER V9.60.0.0   MAIN                                                              10/29/2022 08:33:03 PAGE 1   


C51 COMPILER V9.60.0.0, COMPILATION OF MODULE MAIN
OBJECT MODULE PLACED IN .\Obj\main.obj
COMPILER INVOKED BY: C:\Keil_v5\C51\BIN\C51.EXE User\main.c OPTIMIZE(8,SPEED) BROWSE INCDIR(.\Public;.\App\iic;.\App\key
                    -;.\App\smg;.\App\at24c02) DEBUG OBJECTEXTEND PRINT(.\Obj\main.lst) TABS(2) OBJECT(.\Obj\main.obj)

line level    source

   1          # include "at24c02.h"
   2          
   3          void main(){
   4   1      
   5   1          uchar Key_temp = 0;
   6   1        //保存的值
   7   1          ulong save_value = 0;
   8   1          T0_init();
   9   1          while(1){
  10   2              Key_temp = 0;
  11   2              Key_temp = JudKey();
  12   2              //K1 保存， K2 读取， K3 显示数据加1， K4 显示数据清零
  13   2              if (Key_temp == 1){
  14   3                  at24c02_write_one_byte(0,save_value);
  15   3              }
  16   2              else if (Key_temp == 2){
  17   3                 save_value = at24c02_read_byte(0);
  18   3              }
  19   2              else if (Key_temp == 3){
  20   3                 save_value++;
  21   3              }
  22   2              else if (Key_temp == 4){
  23   3                  save_value = 0;
  24   3              }
  25   2              smg_Calculate(save_value);
  26   2          }
  27   1      }


MODULE INFORMATION:   STATIC OVERLAYABLE
   CODE SIZE        =    121    ----
   CONSTANT SIZE    =   ----    ----
   XDATA SIZE       =   ----    ----
   PDATA SIZE       =   ----    ----
   DATA SIZE        =   ----       5
   IDATA SIZE       =   ----    ----
   BIT SIZE         =   ----    ----
END OF MODULE INFORMATION.


C51 COMPILATION COMPLETE.  0 WARNING(S),  0 ERROR(S)
