C51 COMPILER V9.60.0.0   SMG                                                               10/29/2022 08:33:03 PAGE 1   


C51 COMPILER V9.60.0.0, COMPILATION OF MODULE SMG
OBJECT MODULE PLACED IN .\Obj\smg.obj
COMPILER INVOKED BY: C:\Keil_v5\C51\BIN\C51.EXE App\smg\smg.c OPTIMIZE(8,SPEED) BROWSE INCDIR(.\Public;.\App\iic;.\App\k
                    -ey;.\App\smg;.\App\at24c02) DEBUG OBJECTEXTEND PRINT(.\Obj\smg.lst) TABS(2) OBJECT(.\Obj\smg.obj)

line level    source

   1          # include "smg.h"
   2          
   3          //共阴数码管数字0~9k
   4          uchar code LedChar[] = { 0x3f,0x06,0x5b,0x4f,0x66,0x6d,0x7d,0x07,0x7f,0x6f };
   5          
   6          //数码管缓冲区
   7          uchar LedBuff[] = {0x00,0x00,0x00,0x00,0x00,0x00,0x00,0x00};
   8          
   9          //计算数码管显示的有效位
  10          void smg_Calculate(uchar num){
  11   1          signed char i;
  12   1          uchar arr[8];
  13   1          for (i = 0; i < 8; i++){
  14   2              arr[i] = num % 10;
  15   2              num /= 10;
  16   2          }
  17   1          for (i = 7; i >= 1; i--){
  18   2              if (arr[i] == 0) LedBuff[i] = 0x00;
  19   2              else break;
  20   2          }
  21   1          for (; i >= 0; i--){
  22   2              LedBuff[i] = LedChar[arr[i]];
  23   2          }
  24   1      }
  25          
  26          //显示数码管函数
  27          void ShowLed(){
  28   1          static uchar i;
  29   1          P0 = 0x00;
  30   1          switch(i){
  31   2              case 0: ADDR0 = 0; ADDR1 = 0; ADDR2 = 0; i++; P0 = LedBuff[0]; break;
  32   2              case 1: ADDR0 = 1; ADDR1 = 0; ADDR2 = 0; i++; P0 = LedBuff[1]; break;
  33   2              case 2: ADDR0 = 0; ADDR1 = 1; ADDR2 = 0; i++; P0 = LedBuff[2]; break;
  34   2              case 3: ADDR0 = 1; ADDR1 = 1; ADDR2 = 0; i++; P0 = LedBuff[3]; break;
  35   2              case 4: ADDR0 = 0; ADDR1 = 0; ADDR2 = 1; i++; P0 = LedBuff[4]; break;
  36   2              case 5: ADDR0 = 1; ADDR1 = 0; ADDR2 = 1; i++; P0 = LedBuff[5]; break;
  37   2              case 6: ADDR0 = 0; ADDR1 = 1; ADDR2 = 1; i++; P0 = LedBuff[6]; break;
  38   2              case 7: ADDR0 = 1; ADDR1 = 1; ADDR2 = 1; i=0; P0 = LedBuff[7]; break;
  39   2          }
  40   1      }


MODULE INFORMATION:   STATIC OVERLAYABLE
   CODE SIZE        =    246    ----
   CONSTANT SIZE    =     10    ----
   XDATA SIZE       =   ----    ----
   PDATA SIZE       =   ----    ----
   DATA SIZE        =      9       8
   IDATA SIZE       =   ----    ----
   BIT SIZE         =   ----    ----
END OF MODULE INFORMATION.


C51 COMPILATION COMPLETE.  0 WARNING(S),  0 ERROR(S)
